<?xml version="1.0" encoding="UTF-8"?>
<!-- Generated by org.testng.reporters.JUnitXMLReporter -->
<testsuite hostname="DE-C-W-878" name="Login and Register on CHROME_LocalHost_W7" tests="3" failures="0" timestamp="24 Oct 2013 08:03:21 GMT" time="23.545" errors="0">
  <testcase name="testLogin" time="3.325" classname="tests.LoginTest"/>
  <testcase name="testFailedLogin" time="3.276" classname="tests.LoginTest"/>
  <testcase name="testLogoutViaLink" time="7.574" classname="tests.LoginTest"/>
</testsuite> <!-- Login and Register on CHROME_LocalHost_W7 -->
