<?xml version="1.0" encoding="UTF-8"?>
<testng-results skipped="3" failed="0" total="3" passed="0">
  <reporter-output>
  </reporter-output>
  <suite name="init" duration-ms="22422" started-at="2015-06-19T15:25:38Z" finished-at="2015-06-19T15:26:01Z">
    <groups>
    </groups>
    <test name="Login and Register on Chrome_LocalHost_W7" duration-ms="22422" started-at="2015-06-19T15:25:38Z" finished-at="2015-06-19T15:26:01Z">
      <class name="tests.UserLoginTests">
        <test-method status="FAIL" signature="setUpBeforeClass(java.lang.String)[pri:0, instance:tests.UserLoginTests@376243b5]" name="setUpBeforeClass" is-config="true" duration-ms="0" started-at="2015-06-19T17:25:38Z" finished-at="2015-06-19T17:25:38Z">
          <params>
            <param index="0">
              <value>
                <![CDATA[CHROME_LocalHost_W7]]>
              </value>
            </param>
          </params>
          <exception class="org.openqa.selenium.WebDriverException">
            <message>
              <![CDATA[unknown error: unable to discover open pages
  (Driver info: chromedriver=2.4.226107,platform=Windows NT 6.1 SP1 x86_64) (WARNING: The server did not provide any stacktrace information)
Command duration or timeout: 21.85 seconds
Build info: version: '2.37.0', revision: 'a7c61cb', time: '2013-10-18 17:14:00'
System info: host: 'DE-C-W-878', ip: '192.168.56.1', os.name: 'Windows 7', os.arch: 'amd64', os.version: '6.1', java.version: '1.7.0_45'
Driver info: org.openqa.selenium.chrome.ChromeDriver
Command duration or timeout: 22.07 seconds
Build info: version: '2.37.0', revision: 'a7c61cb', time: '2013-10-18 17:15:02'
System info: host: 'DE-C-W-878', ip: '192.168.56.1', os.name: 'Windows 7', os.arch: 'amd64', os.version: '6.1', java.version: '1.7.0_45'
Driver info: org.openqa.selenium.remote.RemoteWebDriver]]>
            </message>
            <full-stacktrace>
              <![CDATA[org.openqa.selenium.WebDriverException: unknown error: unable to discover open pages
  (Driver info: chromedriver=2.4.226107,platform=Windows NT 6.1 SP1 x86_64) (WARNING: The server did not provide any stacktrace information)
Command duration or timeout: 21.85 seconds
Build info: version: '2.37.0', revision: 'a7c61cb', time: '2013-10-18 17:14:00'
System info: host: 'DE-C-W-878', ip: '192.168.56.1', os.name: 'Windows 7', os.arch: 'amd64', os.version: '6.1', java.version: '1.7.0_45'
Driver info: org.openqa.selenium.chrome.ChromeDriver
Command duration or timeout: 22.07 seconds
Build info: version: '2.37.0', revision: 'a7c61cb', time: '2013-10-18 17:15:02'
System info: host: 'DE-C-W-878', ip: '192.168.56.1', os.name: 'Windows 7', os.arch: 'amd64', os.version: '6.1', java.version: '1.7.0_45'
Driver info: org.openqa.selenium.remote.RemoteWebDriver
	at sun.reflect.NativeConstructorAccessorImpl.newInstance0(Native Method)
	at sun.reflect.NativeConstructorAccessorImpl.newInstance(Unknown Source)
	at sun.reflect.DelegatingConstructorAccessorImpl.newInstance(Unknown Source)
	at java.lang.reflect.Constructor.newInstance(Unknown Source)
	at org.openqa.selenium.remote.ErrorHandler.createThrowable(ErrorHandler.java:193)
	at org.openqa.selenium.remote.ErrorHandler.throwIfResponseFailed(ErrorHandler.java:145)
	at org.openqa.selenium.remote.RemoteWebDriver.execute(RemoteWebDriver.java:554)
	at org.openqa.selenium.remote.RemoteWebDriver.startSession(RemoteWebDriver.java:216)
	at org.openqa.selenium.remote.RemoteWebDriver.<init>(RemoteWebDriver.java:111)
	at org.openqa.selenium.remote.RemoteWebDriver.<init>(RemoteWebDriver.java:129)
	at tests.UserLoginTests.setUpBeforeClass(UserLoginTests.java:90)
	at sun.reflect.NativeMethodAccessorImpl.invoke0(Native Method)
	at sun.reflect.NativeMethodAccessorImpl.invoke(Unknown Source)
	at sun.reflect.DelegatingMethodAccessorImpl.invoke(Unknown Source)
	at java.lang.reflect.Method.invoke(Unknown Source)
	at org.testng.internal.MethodInvocationHelper.invokeMethod(MethodInvocationHelper.java:84)
	at org.testng.internal.Invoker.invokeConfigurationMethod(Invoker.java:564)
	at org.testng.internal.Invoker.invokeConfigurations(Invoker.java:213)
	at org.testng.internal.Invoker.invokeConfigurations(Invoker.java:138)
	at org.testng.internal.TestMethodWorker.invokeBeforeClassMethods(TestMethodWorker.java:175)
	at org.testng.internal.TestMethodWorker.run(TestMethodWorker.java:107)
	at org.testng.TestRunner.privateRun(TestRunner.java:767)
	at org.testng.TestRunner.run(TestRunner.java:617)
	at org.testng.SuiteRunner.runTest(SuiteRunner.java:334)
	at org.testng.SuiteRunner.runSequentially(SuiteRunner.java:329)
	at org.testng.SuiteRunner.privateRun(SuiteRunner.java:291)
	at org.testng.SuiteRunner.run(SuiteRunner.java:240)
	at org.testng.SuiteRunnerWorker.runSuite(SuiteRunnerWorker.java:52)
	at org.testng.SuiteRunnerWorker.run(SuiteRunnerWorker.java:86)
	at org.testng.TestNG.runSuitesSequentially(TestNG.java:1224)
	at org.testng.TestNG.runSuitesLocally(TestNG.java:1149)
	at org.testng.TestNG.run(TestNG.java:1057)
	at org.testng.remote.RemoteTestNG.run(RemoteTestNG.java:111)
	at org.testng.remote.RemoteTestNG.initAndRun(RemoteTestNG.java:204)
	at org.testng.remote.RemoteTestNG.main(RemoteTestNG.java:175)
Caused by: org.openqa.selenium.WebDriverException: unknown error: unable to discover open pages
  (Driver info: chromedriver=2.4.226107,platform=Windows NT 6.1 SP1 x86_64) (WARNING: The server did not provide any stacktrace information)
Command duration or timeout: 21.85 seconds
Build info: version: '2.37.0', revision: 'a7c61cb', time: '2013-10-18 17:14:00'
System info: host: 'DE-C-W-878', ip: '192.168.56.1', os.name: 'Windows 7', os.arch: 'amd64', os.version: '6.1', java.version: '1.7.0_45'
Driver info: org.openqa.selenium.chrome.ChromeDriver
Build info: version: '2.37.0', revision: 'a7c61cb', time: '2013-10-18 17:15:02'
System info: host: 'DE-C-W-878', ip: '192.168.56.1', os.name: 'Windows 7', os.arch: 'amd64', os.version: '6.1', java.version: '1.7.0_45'
Driver info: driver.version: ChromeDriver
	at sun.reflect.NativeConstructorAccessorImpl.newInstance0(Native Method)
	at sun.reflect.NativeConstructorAccessorImpl.newInstance(Unknown Source)
	at sun.reflect.DelegatingConstructorAccessorImpl.newInstance(Unknown Source)
	at java.lang.reflect.Constructor.newInstance(Unknown Source)
	at org.openqa.selenium.remote.ErrorHandler.createThrowable(ErrorHandler.java:193)
	at org.openqa.selenium.remote.ErrorHandler.throwIfResponseFailed(ErrorHandler.java:145)
	at org.openqa.selenium.remote.RemoteWebDriver.execute(RemoteWebDriver.java:554)
	at org.openqa.selenium.remote.RemoteWebDriver.startSession(RemoteWebDriver.java:216)
	at org.openqa.selenium.remote.RemoteWebDriver.<init>(RemoteWebDriver.java:111)
	at org.openqa.selenium.remote.RemoteWebDriver.<init>(RemoteWebDriver.java:115)
	at org.openqa.selenium.chrome.ChromeDriver.<init>(ChromeDriver.java:150)
	at org.openqa.selenium.chrome.ChromeDriver.<init>(ChromeDriver.java:129)
	at sun.reflect.NativeConstructorAccessorImpl.newInstance0(Native Method)
	at sun.reflect.NativeConstructorAccessorImpl.newInstance(Unknown Source)
	at sun.reflect.DelegatingConstructorAccessorImpl.newInstance(Unknown Source)
	at java.lang.reflect.Constructor.newInstance(Unknown Source)
	at org.openqa.selenium.remote.server.DefaultDriverFactory.callConstructor(DefaultDriverFactory.java:62)
	at org.openqa.selenium.remote.server.DefaultDriverFactory.newInstance(DefaultDriverFactory.java:56)
	at org.openqa.selenium.remote.server.DefaultSession$BrowserCreator.call(DefaultSession.java:215)
	at org.openqa.selenium.remote.server.DefaultSession$BrowserCreator.call(DefaultSession.java:1)
	at java.util.concurrent.FutureTask.run(Unknown Source)
	at org.openqa.selenium.remote.server.DefaultSession$1.run(DefaultSession.java:169)
	at java.util.concurrent.ThreadPoolExecutor.runWorker(Unknown Source)
	at java.util.concurrent.ThreadPoolExecutor$Worker.run(Unknown Source)
	at java.lang.Thread.run(Unknown Source)
]]>
            </full-stacktrace>
          </exception> <!-- org.openqa.selenium.WebDriverException -->
          <reporter-output>
          </reporter-output>
        </test-method> <!-- setUpBeforeClass -->
        <test-method status="SKIP" signature="testLogin()[pri:0, instance:tests.UserLoginTests@376243b5]" name="testLogin" duration-ms="10" started-at="2015-06-19T17:26:01Z" finished-at="2015-06-19T17:26:01Z">
          <reporter-output>
          </reporter-output>
        </test-method> <!-- testLogin -->
        <test-method status="SKIP" signature="testFailedLogin()[pri:0, instance:tests.UserLoginTests@376243b5]" name="testFailedLogin" duration-ms="0" started-at="2015-06-19T17:26:01Z" finished-at="2015-06-19T17:26:01Z">
          <reporter-output>
          </reporter-output>
        </test-method> <!-- testFailedLogin -->
        <test-method status="SKIP" signature="beforeMethod()[pri:0, instance:tests.UserLoginTests@376243b5]" name="beforeMethod" is-config="true" duration-ms="0" started-at="2015-06-19T17:26:01Z" finished-at="2015-06-19T17:26:01Z">
          <reporter-output>
          </reporter-output>
        </test-method> <!-- beforeMethod -->
        <test-method status="SKIP" signature="beforeMethod()[pri:0, instance:tests.UserLoginTests@376243b5]" name="beforeMethod" is-config="true" duration-ms="0" started-at="2015-06-19T17:26:01Z" finished-at="2015-06-19T17:26:01Z">
          <reporter-output>
          </reporter-output>
        </test-method> <!-- beforeMethod -->
        <test-method status="SKIP" signature="afterMethod()[pri:0, instance:tests.UserLoginTests@376243b5]" name="afterMethod" is-config="true" duration-ms="0" started-at="2015-06-19T17:26:01Z" finished-at="2015-06-19T17:26:01Z">
          <reporter-output>
          </reporter-output>
        </test-method> <!-- afterMethod -->
        <test-method status="SKIP" signature="afterMethod()[pri:0, instance:tests.UserLoginTests@376243b5]" name="afterMethod" is-config="true" duration-ms="0" started-at="2015-06-19T17:26:01Z" finished-at="2015-06-19T17:26:01Z">
          <reporter-output>
          </reporter-output>
        </test-method> <!-- afterMethod -->
        <test-method status="SKIP" signature="beforeMethod()[pri:0, instance:tests.UserLoginTests@376243b5]" name="beforeMethod" is-config="true" duration-ms="0" started-at="2015-06-19T17:26:01Z" finished-at="2015-06-19T17:26:01Z">
          <reporter-output>
          </reporter-output>
        </test-method> <!-- beforeMethod -->
        <test-method status="SKIP" signature="testLogoutViaLink()[pri:0, instance:tests.UserLoginTests@376243b5]" name="testLogoutViaLink" duration-ms="0" started-at="2015-06-19T17:26:01Z" finished-at="2015-06-19T17:26:01Z">
          <reporter-output>
          </reporter-output>
        </test-method> <!-- testLogoutViaLink -->
        <test-method status="SKIP" signature="afterClass()[pri:0, instance:tests.UserLoginTests@376243b5]" name="afterClass" is-config="true" duration-ms="0" started-at="2015-06-19T17:26:01Z" finished-at="2015-06-19T17:26:01Z">
          <reporter-output>
          </reporter-output>
        </test-method> <!-- afterClass -->
        <test-method status="SKIP" signature="afterMethod()[pri:0, instance:tests.UserLoginTests@376243b5]" name="afterMethod" is-config="true" duration-ms="0" started-at="2015-06-19T17:26:01Z" finished-at="2015-06-19T17:26:01Z">
          <reporter-output>
          </reporter-output>
        </test-method> <!-- afterMethod -->
      </class> <!-- tests.UserLoginTests -->
    </test> <!-- Login and Register on Chrome_LocalHost_W7 -->
  </suite> <!-- init -->
</testng-results>
